Log file open, 03/20/19 10:44:50
LogInit:Display: Running engine for game: Freeze
LogPlatformFile: Not using cached read wrapper
LogInit:Display: RandInit(-180139726) SRandInit(-180139726).
LogTaskGraph: Started task graph with 5 named threads and 8 total threads with 1 sets of task threads.
LogStats: Stats thread started at 0.072876
LogInit: Using libcurl 7.47.1
LogInit:  - built for x86_64-pc-win32
LogInit:  - supports SSL with OpenSSL/1.0.2g
LogInit:  - supports HTTP deflate (compression) using libz 1.2.8
LogInit:  - other features:
LogInit:      CURL_VERSION_SSL
LogInit:      CURL_VERSION_LIBZ
LogInit:      CURL_VERSION_IPV6
LogInit:      CURL_VERSION_ASYNCHDNS
LogInit:      CURL_VERSION_LARGEFILE
LogInit:      CURL_VERSION_IDN
LogInit:  CurlRequestOptions (configurable via config and command line):
LogInit:  - bVerifyPeer = false  - Libcurl will NOT verify peer certificate
LogInit:  - bUseHttpProxy = false  - Libcurl will NOT use HTTP proxy
LogInit:  - bDontReuseConnections = false  - Libcurl will reuse connections
LogInit:  - CertBundlePath = nullptr  - Libcurl will use whatever was configured at build time.
LogInit: Build: ++UE4+Release-4.15-CL-3450819
LogInit: Engine Version: 4.15.3-3450819+++UE4+Release-4.15
LogInit: Compatible Engine Version: 4.15.0-3299760+++UE4+Release-4.15
LogInit: Net CL: 3299760
LogDevObjectVersion: Number of dev versions registered: 14
LogDevObjectVersion:   Dev-Blueprints (B0D832E4-1F89-4F0D-ACCF-7EB736FD4AA2): 8
LogDevObjectVersion:   Dev-Build (E1C64328-A22C-4D53-A36C-8E866417BD8C): 0
LogDevObjectVersion:   Dev-Core (375EC13C-06E4-48FB-B500-84F0262A717E): 2
LogDevObjectVersion:   Dev-Editor (E4B068ED-F494-42E9-A231-DA0B2E46BB41): 14
LogDevObjectVersion:   Dev-Framework (CFFC743F-43B0-4480-9391-14DF171D2073): 22
LogDevObjectVersion:   Dev-Mobile (B02B49B5-BB20-44E9-A304-32B752E40360): 0
LogDevObjectVersion:   Dev-Networking (A4E4105C-59A1-49B5-A7C5-40C4547EDFEE): 0
LogDevObjectVersion:   Dev-Online (39C831C9-5AE6-47DC-9A44-9C173E1C8E7C): 0
LogDevObjectVersion:   Dev-Physics (78F01B33-EBEA-4F98-B9B4-84EACCB95AA2): 0
LogDevObjectVersion:   Dev-Platform (6631380F-2D4D-43E0-8009-CF276956A95A): 0
LogDevObjectVersion:   Dev-Rendering (12F88B9F-8875-4AFC-A67C-D90C383ABD29): 12
LogDevObjectVersion:   Dev-Sequencer (7B5AE74C-D270-4C10-A958-57980B212A5A): 3
LogDevObjectVersion:   Dev-VR (D7296918-1DD6-4BDD-9DE2-64A83CC13884): 0
LogDevObjectVersion:   Dev-LoadTimes (C2A15278-BFE7-4AFE-6C17-90FF531DF755): 1
LogInit: Compiled (64-bit): May 21 2017 11:02:34
LogInit: Compiled with Visual C++: 19.00.23026.00
LogInit: Build Configuration: Development
LogInit: Branch Name: ++UE4+Release-4.15
LogInit: Command line: 
LogInit: Base directory: C:/Program Files (x86)/Epic Games/UE_4.15/Engine/Binaries/Win64/
LogInit: Installed Engine Build: 1
LogInit: Presizing for max 8388607 objects, including 0 objects not considered by GC, pre-allocating 0 bytes for permanent pool.
LogInit: Object subsystem initialized
[2019.03.20-05.14.51:586][  0]LogInit: Selected Device Profile: [Windows]
[2019.03.20-05.14.51:586][  0]LogInit: Applying CVar settings loaded from the selected device profile: [Windows]
[2019.03.20-05.14.51:599][  0]LogInit: Computer: SARVESHKESHARWA
[2019.03.20-05.14.51:599][  0]LogInit: User: sarve
[2019.03.20-05.14.51:599][  0]LogInit: CPU Page size=65536, Cores=4
[2019.03.20-05.14.51:599][  0]LogInit: High frequency timer resolution =4.101569 MHz
[2019.03.20-05.14.51:599][  0]LogMemory: Memory total: Physical=31.9GB (32GB approx)
[2019.03.20-05.14.51:599][  0]LogMemory: Platform Memory Stats for Windows
[2019.03.20-05.14.51:599][  0]LogMemory: Process Physical Memory: 261.70 MB used, 261.70 MB peak
[2019.03.20-05.14.51:599][  0]LogMemory: Process Virtual Memory: 262.66 MB used, 262.66 MB peak
[2019.03.20-05.14.51:599][  0]LogMemory: Physical Memory: 10216.84 MB used,  22476.12 MB free, 32692.96 MB total
[2019.03.20-05.14.51:599][  0]LogMemory: Virtual Memory: 4780.90 MB used,  22476.12 MB free, 134217728.00 MB total
[2019.03.20-05.14.51:697][  0]LogTextLocalizationManager: No specific translations for ('en-US') exist, so ('en') translations will be used.
[2019.03.20-05.14.52:215][  0]LogD3D11RHI: D3D11 adapters:
[2019.03.20-05.14.52:251][  0]LogD3D11RHI:    0. 'NVIDIA GeForce GTX 1060 6GB' (Feature Level 11_0)
[2019.03.20-05.14.52:251][  0]LogD3D11RHI:       6052/0/16346 MB DedicatedVideo/DedicatedSystem/SharedSystem, Outputs:2, VendorId:0x10de
[2019.03.20-05.14.52:253][  0]LogD3D11RHI:    1. 'Microsoft Basic Render Driver' (Feature Level 11_0)
[2019.03.20-05.14.52:253][  0]LogD3D11RHI:       0/0/16346 MB DedicatedVideo/DedicatedSystem/SharedSystem, Outputs:0, VendorId:0x1414
[2019.03.20-05.14.52:253][  0]LogD3D11RHI: Chosen D3D11 Adapter: 0
[2019.03.20-05.14.52:258][  0]LogD3D11RHI: Creating new Direct3DDevice
[2019.03.20-05.14.52:258][  0]LogD3D11RHI:     GPU DeviceId: 0x1c03 (for the marketing name, search the web for "GPU Device Id")
[2019.03.20-05.14.52:258][  0]LogWindows: EnumDisplayDevices:
[2019.03.20-05.14.52:258][  0]LogWindows:    0. 'NVIDIA GeForce GTX 1060 6GB' (P:1 D:1)
[2019.03.20-05.14.52:258][  0]LogWindows:    1. 'NVIDIA GeForce GTX 1060 6GB' (P:0 D:1)
[2019.03.20-05.14.52:258][  0]LogWindows:    2. 'NVIDIA GeForce GTX 1060 6GB' (P:0 D:0)
[2019.03.20-05.14.52:259][  0]LogWindows:    3. 'NVIDIA GeForce GTX 1060 6GB' (P:0 D:0)
[2019.03.20-05.14.52:259][  0]LogWindows: DebugString: GetVideoDriverDetailsInvalid PrimaryIsNotTheChoosenAdapter GetVideoDriverDetailsInvalid PrimaryIsNotTheChoosenAdapter GetVideoDriverDetailsInvalid PrimaryIsNotTheChoosenAdapter GetVideoDriverDetailsInvalid PrimaryIsNotTheChoosenAdapter FoundDriverCount:0 
[2019.03.20-05.14.52:259][  0]LogD3D11RHI:     Adapter Name: NVIDIA GeForce GTX 1060 6GB
[2019.03.20-05.14.52:259][  0]LogD3D11RHI:   Driver Version: Unknown (internal:Unknown, unified:Unknown)
[2019.03.20-05.14.52:259][  0]LogD3D11RHI:      Driver Date: Unknown
[2019.03.20-05.14.52:259][  0]LogRHI: Texture pool is 1361 MB (70% of 1945 MB)
[2019.03.20-05.14.52:286][  0]LogD3D11RHI: Async texture creation enabled
[2019.03.20-05.14.52:300][  0]LogD3D11RHI: GPU Timing Frequency: 1000.000000 (Debug: 2 1)
[2019.03.20-05.14.52:385][  0]LogShaderCompilers: Guid format shader working directory is 4 characters bigger than the processId version (D:/UnrealEngine4 Projects/Freeze 4.15 - 3/Intermediate/Shaders/WorkingDirectory/14636/).
[2019.03.20-05.14.52:385][  0]LogShaderCompilers: Cleaned the shader compiler working directory 'C:/Users/sarve/AppData/Local/Temp/UnrealShaderWorkingDir/9E727A87411081F9E39B0384046F85AF/'.
[2019.03.20-05.14.52:385][  0]LogShaderCompilers:Display: Using Local Shader Compiler.
[2019.03.20-05.14.53:226][  0]LogTemp:Display: Loaded TP AllDesktopTargetPlatform
[2019.03.20-05.14.53:295][  0]LogTemp:Display: Loaded TP MacClientTargetPlatform
[2019.03.20-05.14.53:364][  0]LogTemp:Display: Loaded TP MacNoEditorTargetPlatform
[2019.03.20-05.14.53:446][  0]LogTemp:Display: Loaded TP MacServerTargetPlatform
[2019.03.20-05.14.53:513][  0]LogTemp:Display: Loaded TP MacTargetPlatform
[2019.03.20-05.14.53:578][  0]LogTemp:Display: Loaded TP WindowsClientTargetPlatform
[2019.03.20-05.14.53:644][  0]LogTemp:Display: Loaded TP WindowsNoEditorTargetPlatform
[2019.03.20-05.14.53:709][  0]LogTemp:Display: Loaded TP WindowsServerTargetPlatform
[2019.03.20-05.14.53:767][  0]LogTemp:Display: Loaded TP WindowsTargetPlatform
[2019.03.20-05.14.53:831][  0]LogTemp:Display: Loaded TP AndroidTargetPlatform
[2019.03.20-05.14.53:896][  0]LogTemp:Display: Loaded TP Android_ASTCTargetPlatform
[2019.03.20-05.14.53:961][  0]LogTemp:Display: Loaded TP Android_ATCTargetPlatform
[2019.03.20-05.14.54:025][  0]LogTemp:Display: Loaded TP Android_DXTTargetPlatform
[2019.03.20-05.14.54:100][  0]LogTemp:Display: Loaded TP Android_ETC1TargetPlatform
[2019.03.20-05.14.54:168][  0]LogTemp:Display: Loaded TP Android_ETC2TargetPlatform
[2019.03.20-05.14.54:300][  0]LogTemp:Display: Loaded TP Android_MultiTargetPlatform
[2019.03.20-05.14.54:300][  0]LogTemp:Display: Loaded TP Android_PVRTCTargetPlatform
[2019.03.20-05.14.54:355][  0]LogTemp:Display: Loaded TP HTML5TargetPlatform
[2019.03.20-05.14.54:481][  0]LogTemp:Display: Loaded TP IOSTargetPlatform
[2019.03.20-05.14.54:521][  0]LogTemp:Display: Loaded TP TVOSTargetPlatform
[2019.03.20-05.14.54:588][  0]LogTemp:Display: Loaded TP LinuxClientTargetPlatform
[2019.03.20-05.14.54:651][  0]LogTemp:Display: Loaded TP LinuxNoEditorTargetPlatform
[2019.03.20-05.14.54:718][  0]LogTemp:Display: Loaded TP LinuxServerTargetPlatform
[2019.03.20-05.14.54:785][  0]LogTemp:Display: Loaded TP LinuxTargetPlatform
[2019.03.20-05.14.54:785][  0]LogTargetPlatformManager:Display: Building Assets For Windows
[2019.03.20-05.14.55:414][  0]LogDerivedDataCache:Display: Max Cache Size: 512 MB
[2019.03.20-05.14.55:448][  0]LogDerivedDataCache: Loaded boot cache 0.03s 50MB C:/Users/sarve/AppData/Local/UnrealEngine/4.15/DerivedDataCache/Boot.ddc.
[2019.03.20-05.14.55:448][  0]LogDerivedDataCache:Display: Loaded Boot cache: C:/Users/sarve/AppData/Local/UnrealEngine/4.15/DerivedDataCache/Boot.ddc
[2019.03.20-05.14.55:448][  0]LogDerivedDataCache: FDerivedDataBackendGraph:  Pak pak cache file D:/UnrealEngine4 Projects/Freeze 4.15 - 3/DerivedDataCache/DDC.ddp not found, will not use a pak cache.
[2019.03.20-05.14.55:448][  0]LogDerivedDataCache: Unable to find inner node Pak for hierarchical cache Hierarchy.
[2019.03.20-05.14.55:448][  0]LogDerivedDataCache: FDerivedDataBackendGraph:  CompressedPak pak cache file D:/UnrealEngine4 Projects/Freeze 4.15 - 3/DerivedDataCache/Compressed.ddp not found, will not use a pak cache.
[2019.03.20-05.14.55:448][  0]LogDerivedDataCache: Unable to find inner node CompressedPak for hierarchical cache Hierarchy.
[2019.03.20-05.14.55:466][  0]LogDerivedDataCache:Display: Pak cache opened for reading ../../../Engine/DerivedDataCache/Compressed.ddp.
[2019.03.20-05.14.55:478][  0]LogDerivedDataCache: Using Local data cache path C:/Users/sarve/AppData/Local/UnrealEngine/Common/DerivedDataCache: Writable
[2019.03.20-05.14.55:491][  0]LogSlate: Using Freetype 2.6.0
[2019.03.20-05.14.55:491][  0]LogSlate: SlateFontCache - WITH_FREETYPE: 1, WITH_HARFBUZZ: 1
[2019.03.20-05.14.55:491][  0]LogSlate: SlateFontCache - WITH_FREETYPE: 1, WITH_HARFBUZZ: 1
[2019.03.20-05.14.55:786][  0]LogInit: Selected Device Profile: [Windows]
[2019.03.20-05.14.55:788][  0]LogContentStreaming: Texture pool size is 0.00 MB
[2019.03.20-05.14.56:035][  0]LogMeshUtilities: Using QuadricMeshReduction for automatic static mesh reduction
[2019.03.20-05.14.56:099][  0]LogSimplygon: Simplygon DLL not present - disabling.
[2019.03.20-05.14.56:166][  0]LogMeshUtilities: Using SimplygonSwarm for distributed automatic mesh merging
[2019.03.20-05.14.56:166][  0]LogMeshUtilities: No automatic skeletal mesh reduction module available
[2019.03.20-05.14.56:166][  0]LogMeshUtilities: No automatic mesh merging module available
[2019.03.20-05.14.56:736][  0]LogNetVersion: GetLocalNetworkVersion: CL: 3299760, ProjectName: freeze, ProjectVersion: , EngineNetworkVersion: 2, GameNetworkVersion: 0, NetworkChecksum: 229342437
[2019.03.20-05.14.56:796][  0]LogAssetRegistry: FAssetRegistry took 0.0219 seconds to start up
[2019.03.20-05.14.56:857][  0]LogPackageLocalizationCache: Processed 3 localized package path(s) for 2 prioritized culture(s) in 0.023209 seconds
[2019.03.20-05.14.56:861][  0]LogUObjectArray: 32493 objects as part of root set at end of initial load.
[2019.03.20-05.14.56:861][  0]LogUObjectAllocator: 7077024 out of 0 bytes used by permanent object pool.
[2019.03.20-05.14.56:861][  0]LogUObjectArray: CloseDisregardForGC: 0/0 objects in disregard for GC pool
[2019.03.20-05.14.56:990][  0]LogInit: WinSock: version 1.1 (2.2), MaxSocks=32767, MaxUdp=65467
[2019.03.20-05.14.59:064][  0]LogTcpMessaging: Initializing TcpMessaging bridge
[2019.03.20-05.14.59:116][  0]LogUdpMessaging: Initializing bridge on interface 0.0.0.0:0 to multicast group 230.0.0.1:6666.
[2019.03.20-05.14.59:727][  0]LogMaterial: Uniform references updated for custom material expression Custom.
[2019.03.20-05.15.00:238][  0]SourceControl: Info Source control is disabled
[2019.03.20-05.15.00:269][  0]SourceControl: Info Source control is disabled
[2019.03.20-05.15.00:342][  0]SourceControl: Info Source control is disabled
[2019.03.20-05.15.00:422][  0]SourceControl: Info Source control is disabled
[2019.03.20-05.15.02:265][  0]LogEngine: Initializing Engine...
[2019.03.20-05.15.02:266][  0]LogHMD: Failed to initialize OpenVR with code 110
[2019.03.20-05.15.02:362][  0]LogStats: UGameplayTagsManager::ConstructGameplayTagTree: Construct from data asset -  0.000 s
[2019.03.20-05.15.02:362][  0]LogStats: UGameplayTagsManager::ConstructGameplayTagTree: GameplayTagTreeChangedEvent.Broadcast -  0.000 s
[2019.03.20-05.15.02:556][  0]LogAIModule: Creating AISystem for world Untitled
[2019.03.20-05.15.02:585][  0]LogInit: XAudio2 using 'Headphones (TAGG Inferno 2.0 Stereo)' : 2 channels at 44.1 kHz using 16 bits per sample (channel mask 0x3)
[2019.03.20-05.15.02:598][  0]LogInit: FAudioDevice initialized.
[2019.03.20-05.15.02:619][  0]LogDerivedDataCache: Saved boot cache 0.02s 50MB C:/Users/sarve/AppData/Local/UnrealEngine/4.15/DerivedDataCache/Boot.ddc.
[2019.03.20-05.15.02:624][  0]LogInit: Texture streaming: Enabled
[2019.03.20-05.15.02:775][  0]LogEngineSessionManager: EngineSessionManager initialized
[2019.03.20-05.15.02:916][  0]LogInit: Transaction tracking system initialized
[2019.03.20-05.15.03:477][  0]BlueprintLog: New page: Editor Load
[2019.03.20-05.15.04:879][  0]LocalizationService: Info Localization service is disabled
[2019.03.20-05.15.06:118][  0]LogConsoleResponse:Display: 
[2019.03.20-05.15.06:272][  0]LogCook:Display: Max memory allowance for cook 16384mb min free memory 0mb
[2019.03.20-05.15.06:272][  0]LogCook:Display: Mobile HDR setting 1
[2019.03.20-05.15.07:153][  0]LogFileCache: Scanning file cache for directory 'D:/UnrealEngine4 Projects/Freeze 4.15 - 3/Content/' took 0.01s
[2019.03.20-05.15.08:299][  0]SourceControl: Info Source control is disabled
[2019.03.20-05.15.08:299][  0]Cmd: MAP LOAD FILE="D:/UnrealEngine4 Projects/Freeze 4.15 - 3/Content/Levels/Flying_Stones.umap" TEMPLATE=0 SHOWPROGRESS=1 FEATURELEVEL=3
[2019.03.20-05.15.08:356][  0]LightingResults: New page: Lighting Build
[2019.03.20-05.15.08:431][  0]MapCheck: New page: Map Check
[2019.03.20-05.15.08:431][  0]LightingResults: New page: Lighting Build
[2019.03.20-05.15.08:478][  0]LogLinker:Warning: Can't find file '/Game/External/Rocks/Complete_Base'
[2019.03.20-05.15.08:478][  0]LogLinker:Warning: Can't find file for asset '/Game/External/Rocks/Complete_Base' while loading D:/UnrealEngine4 Projects/Freeze 4.15 - 3/Content/Levels/Flying_Stones.umap.
[2019.03.20-05.15.08:478][  0]LoadErrors:Error: Error /Game/Levels/Flying_Stones : Can't find file for asset. /Game/External/Rocks/Complete_Base
[2019.03.20-05.15.08:478][  0]LogLinker:Warning: Can't find file '/Game/External/Rocks/Ground'
[2019.03.20-05.15.08:478][  0]LogLinker:Warning: Can't find file for asset '/Game/External/Rocks/Ground' while loading D:/UnrealEngine4 Projects/Freeze 4.15 - 3/Content/Levels/Flying_Stones.umap.
[2019.03.20-05.15.08:478][  0]LoadErrors:Error: Error /Game/Levels/Flying_Stones : Can't find file for asset. /Game/External/Rocks/Ground
[2019.03.20-05.15.08:479][  0]LogLinker:Warning: Can't find file '/Game/External/Rocks/Complete_Base'
[2019.03.20-05.15.08:479][  0]LogLinker:Warning: Can't find file for asset '/Game/External/Rocks/Complete_Base' while loading D:/UnrealEngine4 Projects/Freeze 4.15 - 3/Content/Levels/Flying_Stones.umap.
[2019.03.20-05.15.08:479][  0]LoadErrors:Error: Error /Game/Levels/Flying_Stones : Can't find file for asset. /Game/External/Rocks/Complete_Base
[2019.03.20-05.15.08:479][  0]LogLinker:Warning: Can't find file '/Game/External/Rocks/Ground'
[2019.03.20-05.15.08:479][  0]LogLinker:Warning: Can't find file for asset '/Game/External/Rocks/Ground' while loading D:/UnrealEngine4 Projects/Freeze 4.15 - 3/Content/Levels/Flying_Stones.umap.
[2019.03.20-05.15.08:479][  0]LoadErrors:Error: Error /Game/Levels/Flying_Stones : Can't find file for asset. /Game/External/Rocks/Ground
[2019.03.20-05.15.08:479][  0]LogLinker:Warning: Can't find file '/Game/External/Rocks/Complete_Base'
[2019.03.20-05.15.08:479][  0]LogLinker:Warning: Can't find file for asset '/Game/External/Rocks/Complete_Base' while loading NULL.
[2019.03.20-05.15.08:479][  0]LogLinker:Warning: Can't find file '/Game/External/Rocks/Ground'
[2019.03.20-05.15.08:479][  0]LogLinker:Warning: Can't find file for asset '/Game/External/Rocks/Ground' while loading NULL.
[2019.03.20-05.15.08:479][  0]LogLinker:Warning: Can't find file '/Game/External/Rocks/Complete_Base'
[2019.03.20-05.15.08:479][  0]LogLinker:Warning: Can't find file for asset '/Game/External/Rocks/Complete_Base' while loading NULL.
[2019.03.20-05.15.08:479][  0]LogLinker:Warning: Can't find file '/Game/External/Rocks/Ground'
[2019.03.20-05.15.08:479][  0]LogLinker:Warning: Can't find file for asset '/Game/External/Rocks/Ground' while loading NULL.
[2019.03.20-05.15.08:492][  0]LogLinker:Warning: Can't find file '/Game/External/Rocks/Complete_Base'
[2019.03.20-05.15.08:492][  0]LoadErrors: Info Failed to load /Game/External/Rocks/Complete_Base.Complete_Base Referenced by StaticMeshComponent0
[2019.03.20-05.15.08:493][  0]LogLinker:Warning: Can't find file for asset '/Game/External/Rocks/Complete_Base' while loading NULL.
[2019.03.20-05.15.08:493][  0]LoadErrors: Info Failed to load /Game/External/Rocks/Complete_Base.Complete_Base Referenced by StaticMeshComponent0
[2019.03.20-05.15.08:493][  0]LogLinker:Warning: Can't find file '/Game/External/Rocks/Ground'
[2019.03.20-05.15.08:493][  0]LoadErrors: Info Failed to load /Game/External/Rocks/Ground.Ground Referenced by StaticMeshComponent0
[2019.03.20-05.15.08:493][  0]LogLinker:Warning: Can't find file for asset '/Game/External/Rocks/Ground' while loading NULL.
[2019.03.20-05.15.08:493][  0]LoadErrors: Info Failed to load /Game/External/Rocks/Ground.Ground Referenced by StaticMeshComponent0
[2019.03.20-05.15.08:493][  0]LogLinker:Warning: Can't find file '/Game/External/Rocks/Ground'
[2019.03.20-05.15.08:493][  0]LoadErrors: Info Failed to load /Game/External/Rocks/Ground.Ground Referenced by StaticMeshComponent0
[2019.03.20-05.15.08:493][  0]LogLinker:Warning: Can't find file for asset '/Game/External/Rocks/Ground' while loading NULL.
[2019.03.20-05.15.08:493][  0]LoadErrors: Info Failed to load /Game/External/Rocks/Ground.Ground Referenced by StaticMeshComponent0
[2019.03.20-05.15.08:493][  0]LogLinker:Warning: Can't find file '/Game/External/Rocks/Ground'
[2019.03.20-05.15.08:493][  0]LoadErrors: Info Failed to load /Game/External/Rocks/Ground.Ground Referenced by StaticMeshComponent0
[2019.03.20-05.15.08:493][  0]LogLinker:Warning: Can't find file for asset '/Game/External/Rocks/Ground' while loading NULL.
[2019.03.20-05.15.08:493][  0]LoadErrors: Info Failed to load /Game/External/Rocks/Ground.Ground Referenced by StaticMeshComponent0
[2019.03.20-05.15.08:493][  0]LogLinker:Warning: Can't find file '/Game/External/Rocks/Ground'
[2019.03.20-05.15.08:493][  0]LoadErrors: Info Failed to load /Game/External/Rocks/Ground.Ground Referenced by StaticMeshComponent0
[2019.03.20-05.15.08:494][  0]LogLinker:Warning: Can't find file for asset '/Game/External/Rocks/Ground' while loading NULL.
[2019.03.20-05.15.08:494][  0]LoadErrors: Info Failed to load /Game/External/Rocks/Ground.Ground Referenced by StaticMeshComponent0
[2019.03.20-05.15.08:502][  0]LogAIModule: Creating AISystem for world Flying_Stones
[2019.03.20-05.15.08:522][  0]LogEditorServer: Finished looking for orphan Actors (0.000 secs)
[2019.03.20-05.15.08:523][  0]Cmd: MAP CHECKDEP NOCLEARLOG
[2019.03.20-05.15.08:591][  0]MapCheck: Info Map check complete: 0 Error(s), 0 Warning(s), took 67.388ms to complete.
[2019.03.20-05.15.08:591][  0]LogFileHelpers: Loading map 'Flying_Stones' took 0.292
[2019.03.20-05.15.08:812][  0]LogCollectionManager: Loaded 0 collections in 0.001492 seconds
[2019.03.20-05.15.08:993][  0]LogFileCache: Scanning file cache for directory 'D:/UnrealEngine4 Projects/Freeze 4.15 - 3/Saved/Collections/' took 0.01s
[2019.03.20-05.15.08:993][  0]LogFileCache: Scanning file cache for directory 'D:/UnrealEngine4 Projects/Freeze 4.15 - 3/Content/Developers/sarve/Collections/' took 0.01s
[2019.03.20-05.15.08:993][  0]LogFileCache: Scanning file cache for directory 'D:/UnrealEngine4 Projects/Freeze 4.15 - 3/Content/Collections/' took 0.01s
[2019.03.20-05.15.08:993][  0]LogCollectionManager: Rebuilt the GUID cache for 0 collections in 0.000001 seconds
[2019.03.20-05.15.09:001][  0]LogContentBrowser: Native class hierarchy populated in 0.0083 seconds. Added 2245 classes and 453 folders.
[2019.03.20-05.15.09:114][  0]LogContentBrowser: Native class hierarchy updated for 'WidgetCarousel' in 0.0004 seconds. Added 0 classes and 0 folders.
[2019.03.20-05.15.09:253][  0]LogContentBrowser: Native class hierarchy updated for 'AddContentDialog' in 0.0004 seconds. Added 0 classes and 0 folders.
[2019.03.20-05.15.09:325][  0]LogContentBrowser: Native class hierarchy updated for 'SceneOutliner' in 0.0004 seconds. Added 1 classes and 2 folders.
[2019.03.20-05.15.09:403][  0]LogCrashTracker: Crashtracker disabled due to settings.
[2019.03.20-05.15.09:411][  0]LogUObjectGlobals:Warning: Failed to find object 'Class None.'
[2019.03.20-05.15.09:508][  0]LogContentBrowser: Native class hierarchy updated for 'HierarchicalLODOutliner' in 0.0007 seconds. Added 1 classes and 2 folders.
[2019.03.20-05.15.09:508][  0]LogLoad: (Engine Initialization) Total time: 20.02 seconds
[2019.03.20-05.15.09:508][  0]LogLoad: (Engine Initialization) Total Blueprint compile time: 0.07 seconds
[2019.03.20-05.15.09:508][  0]LogExternalProfiler: No external profilers were discovered.  External profiling features will not be available.
[2019.03.20-05.15.09:848][  0]LogOcInput: OculusInput pre-init called
[2019.03.20-05.15.09:908][  0]LogContentStreaming: Texture pool size now 1000 MB
[2019.03.20-05.15.09:922][  0]LogSlate: Took 0.000158 seconds to synchronously load lazily loaded font '../../../Engine/Content/Slate/Fonts/Roboto-Regular.ttf' (155K)
[2019.03.20-05.15.09:925][  0]LogSlate: Took 0.000167 seconds to synchronously load lazily loaded font '../../../Engine/Content/Slate/Fonts/Roboto-Bold.ttf' (160K)
[2019.03.20-05.15.09:932][  0]LogSlate: Took 0.001076 seconds to synchronously load lazily loaded font '../../../Engine/Content/Editor/Slate/Fonts/FontAwesome.ttf' (139K)
[2019.03.20-05.15.10:053][  0]LogSlate: Took 0.001160 seconds to synchronously load lazily loaded font '../../../Engine/Content/Slate/Fonts/Roboto-Light.ttf' (159K)
[2019.03.20-05.15.10:089][  0]LogRenderer: Reallocating scene render targets to support 1208x564 NumSamples 1 (Frame:2).
[2019.03.20-05.15.10:218][  1]LogAssetRegistry: Asset discovery search completed in 13.4448 seconds
[2019.03.20-05.15.10:218][  1]LogCollectionManager: Rebuilt the object cache for 0 collections in 0.000006 seconds (found 0 objects)
[2019.03.20-05.15.10:218][  1]LogCollectionManager: Fixed up redirectors for 0 collections in 0.000023 seconds (updated 0 objects)
[2019.03.20-05.15.22:064][444]LogTemp: Repeting last play command: Selected Viewport
[2019.03.20-05.15.22:071][444]LogBlueprintUserMessages: Early PlayInEditor Detection: Level '/Game/Levels/Flying_Stones.Flying_Stones:PersistentLevel' has LevelScriptBlueprint '/Game/Levels/Flying_Stones.Flying_Stones:PersistentLevel.Flying_Stones' with GeneratedClass '/Game/Levels/Flying_Stones.Flying_Stones_C' with ClassGeneratedBy '/Game/Levels/Flying_Stones.Flying_Stones:PersistentLevel.Flying_Stones'
[2019.03.20-05.15.22:071][444]LogPlayLevel: PlayLevel: No blueprints needed recompiling
[2019.03.20-05.15.22:073][444]PIE: New page: PIE session: Flying_Stones (Mar 20, 2019, 4:15:22 PM)
[2019.03.20-05.15.22:075][444]LogPlayLevel: Creating play world package: /Game/Levels/UEDPIE_0_Flying_Stones
[2019.03.20-05.15.22:082][444]LogPlayLevel: PIE: StaticDuplicateObject took: (0.007605s)
[2019.03.20-05.15.22:083][444]LogAIModule: Creating AISystem for world Flying_Stones
[2019.03.20-05.15.22:083][444]LogPlayLevel: PIE: World Init took: (0.000442s)
[2019.03.20-05.15.22:083][444]LogPlayLevel: PIE: Created PIE world by copying editor world from /Game/Levels/Flying_Stones.Flying_Stones to /Game/Levels/UEDPIE_0_Flying_Stones.Flying_Stones (0.009771s)
[2019.03.20-05.15.22:108][444]LogInit: XAudio2 using 'Headphones (TAGG Inferno 2.0 Stereo)' : 2 channels at 44.1 kHz using 16 bits per sample (channel mask 0x3)
[2019.03.20-05.15.22:115][444]LogInit: FAudioDevice initialized.
[2019.03.20-05.15.23:269][444]LogAnimationCompression: Building Anim DDC data for AnimSequence /Game/Animations/Final__Anim_Armature_Ideal.Final__Anim_Armature_Ideal
[2019.03.20-05.15.23:279][444]LogAnimationCompression: Building Anim DDC data for AnimSequence /Game/Animations/Final__Anim_Armature_Running.Final__Anim_Armature_Running
[2019.03.20-05.15.23:281][444]LogAnimationCompression: Building Anim DDC data for AnimSequence /Game/Animations/Final__Anim_Armature_Jump_End.Final__Anim_Armature_Jump_End
[2019.03.20-05.15.23:291][444]LogMaterial: Missing cached shader map for material Clay_Material, compiling. 
[2019.03.20-05.15.23:294][444]LogTemp:Display: Added material ShaderMap 0x000001F731F91980 with Material 0x000001F716918B80 to ShaderMapsBeingCompiled
[2019.03.20-05.15.23:335][444]LogTemp:Display: Kicking off shader compilation for Clay_Material, GameThreadShaderMap 0x000001F731F91980
[2019.03.20-05.15.23:336][444]LogAnimationCompression: Building Anim DDC data for AnimSequence /Game/Animations/Jump_Start.Jump_Start
[2019.03.20-05.15.23:337][444]LogAnimationCompression: Building Anim DDC data for AnimSequence /Game/Animations/Fast_running_and_Jump_Start_Armature_Running_Fast.Fast_running_and_Jump_Start_Armature_Running_Fast
[2019.03.20-05.15.23:339][444]LogAnimationCompression: Building Anim DDC data for AnimSequence /Game/Animations/Final__Anim_Armature_Jump_Loop.Final__Anim_Armature_Jump_Loop
[2019.03.20-05.15.23:346][444]LogLoad: Game class is 'Freeze_Gamemode_BP_C'
[2019.03.20-05.15.23:349][444]LogWorld: Bringing World /Game/Levels/UEDPIE_0_Flying_Stones.Flying_Stones up for play (max tick rate 0) at 2019.03.20-10.45.23
[2019.03.20-05.15.23:349][444]LogWorld: Bringing up level for play took: 0.001129
[2019.03.20-05.15.23:434][444]LogContentBrowser: Native class hierarchy updated for 'MovieSceneCapture' in 0.0006 seconds. Added 11 classes and 0 folders.
[2019.03.20-05.15.23:434][444]LogGameMode:Display: Match State Changed from EnteringMap to WaitingToStart
[2019.03.20-05.15.23:434][444]LogGameState: Match State Changed from EnteringMap to WaitingToStart
[2019.03.20-05.15.23:434][444]LogGameMode:Display: Match State Changed from WaitingToStart to InProgress
[2019.03.20-05.15.23:439][444]LogGameState: Match State Changed from WaitingToStart to InProgress
[2019.03.20-05.15.23:439][444]PIE: Info Play in editor start time for /Game/Levels/UEDPIE_0_Flying_Stones 2.305
[2019.03.20-05.15.23:440][444]LogBlueprintUserMessages: Late PlayInEditor Detection: Level '/Game/Levels/Flying_Stones.Flying_Stones:PersistentLevel' has LevelScriptBlueprint '/Game/Levels/Flying_Stones.Flying_Stones:PersistentLevel.Flying_Stones' with GeneratedClass '/Game/Levels/Flying_Stones.Flying_Stones_C' with ClassGeneratedBy '/Game/Levels/Flying_Stones.Flying_Stones:PersistentLevel.Flying_Stones'
[2019.03.20-05.15.28:162][999]LogTemp:Display: Finished compile of shader map 0x000001F731F91980
[2019.03.20-05.15.28:162][999]LogTemp:Display: Shader map Clay_Material complete, GameThreadShaderMap 0x000001F731F91980, marking material Clay_Material as finished
[2019.03.20-05.15.28:162][999]LogTemp:Display: Marking material as finished 0x000001F716918B80
[2019.03.20-05.16.08:212][801]LogBlueprintUserMessages: Early EndPlayMap Detection: Level '/Game/Levels/Flying_Stones.Flying_Stones:PersistentLevel' has LevelScriptBlueprint '/Game/Levels/Flying_Stones.Flying_Stones:PersistentLevel.Flying_Stones' with GeneratedClass '/Game/Levels/Flying_Stones.Flying_Stones_C' with ClassGeneratedBy '/Game/Levels/Flying_Stones.Flying_Stones:PersistentLevel.Flying_Stones'
[2019.03.20-05.16.08:245][801]LogBlueprintUserMessages: Late EndPlayMap Detection: Level '/Game/Levels/Flying_Stones.Flying_Stones:PersistentLevel' has LevelScriptBlueprint '/Game/Levels/Flying_Stones.Flying_Stones:PersistentLevel.Flying_Stones' with GeneratedClass '/Game/Levels/Flying_Stones.Flying_Stones_C' with ClassGeneratedBy '/Game/Levels/Flying_Stones.Flying_Stones:PersistentLevel.Flying_Stones'
[2019.03.20-05.16.09:928][998]LogWindowsTextInputMethodSystem:Display: IME system now deactivated.
[2019.03.20-05.16.10:074][999]Cmd: QUIT_EDITOR
[2019.03.20-05.16.11:077][999]LogExit: Preparing to exit.
[2019.03.20-05.16.12:227][999]LogExit: Editor shut down
[2019.03.20-05.16.12:228][999]LogExit: Transaction tracking system shut down
[2019.03.20-05.16.12:264][999]LogObj: Freed 0b from 0 cluster array pools.
[2019.03.20-05.16.12:264][999]LogExit: Object subsystem successfully closed.
[2019.03.20-05.16.12:279][999]LogD3D11RHI: Shutdown
[2019.03.20-05.16.12:279][999]LogD3D11RHI: CleanupD3DDevice
[2019.03.20-05.16.12:314][999]LogD3D11RHI: ~FD3D11DynamicRHI
[2019.03.20-05.16.12:331][999]LogModuleManager: Shutting down and abandoning module MovieSceneCapture (500)
[2019.03.20-05.16.12:331][999]LogModuleManager: Shutting down and abandoning module HierarchicalLODOutliner (498)
[2019.03.20-05.16.12:331][999]LogModuleManager: Shutting down and abandoning module CrashTracker (496)
[2019.03.20-05.16.12:331][999]LogModuleManager: Shutting down and abandoning module SceneOutliner (494)
[2019.03.20-05.16.12:332][999]LogModuleManager: Shutting down and abandoning module AddContentDialog (492)
[2019.03.20-05.16.12:332][999]LogDirectoryWatcher: A directory notification for 'C:/Program Files (x86)/Epic Games/UE_4.15/FeaturePacks/' was aborted.
[2019.03.20-05.16.12:334][999]LogModuleManager: Shutting down and abandoning module WidgetCarousel (491)
[2019.03.20-05.16.12:334][999]LogModuleManager: Shutting down and abandoning module EditorWidgets (488)
[2019.03.20-05.16.12:334][999]LogModuleManager: Shutting down and abandoning module CollectionManager (486)
[2019.03.20-05.16.12:334][999]LogDirectoryWatcher: A directory notification for 'D:/UnrealEngine4 Projects/Freeze 4.15 - 3/Content/Collections/' was aborted.
[2019.03.20-05.16.12:334][999]LogDirectoryWatcher: A directory notification for 'D:/UnrealEngine4 Projects/Freeze 4.15 - 3/Content/Developers/sarve/Collections/' was aborted.
[2019.03.20-05.16.12:334][999]LogDirectoryWatcher: A directory notification for 'D:/UnrealEngine4 Projects/Freeze 4.15 - 3/Saved/Collections/' was aborted.
[2019.03.20-05.16.12:334][999]LogModuleManager: Shutting down and abandoning module StatsViewer (484)
[2019.03.20-05.16.12:334][999]LogModuleManager: Shutting down and abandoning module FoliageEdit (482)
[2019.03.20-05.16.12:334][999]LogModuleManager: Shutting down and abandoning module LandscapeEditor (480)
[2019.03.20-05.16.12:334][999]LogModuleManager: Shutting down and abandoning module SceneDepthPickerMode (478)
[2019.03.20-05.16.12:334][999]LogModuleManager: Shutting down and abandoning module ActorPickerMode (476)
[2019.03.20-05.16.12:334][999]LogModuleManager: Shutting down and abandoning module GeometryMode (474)
[2019.03.20-05.16.12:334][999]LogModuleManager: Shutting down and abandoning module TextureAlignMode (472)
[2019.03.20-05.16.12:334][999]LogModuleManager: Shutting down and abandoning module BspMode (470)
[2019.03.20-05.16.12:334][999]LogModuleManager: Shutting down and abandoning module HardwareSurvey (468)
[2019.03.20-05.16.12:334][999]LogModuleManager: Shutting down and abandoning module SequenceRecorderSections (466)
[2019.03.20-05.16.12:334][999]LogModuleManager: Shutting down and abandoning module AutomationWorker (464)
[2019.03.20-05.16.12:334][999]LogModuleManager: Shutting down and abandoning module MatineeToLevelSequence (462)
[2019.03.20-05.16.12:334][999]LogModuleManager: Shutting down and abandoning module LevelSequenceEditor (460)
[2019.03.20-05.16.12:334][999]LogModuleManager: Shutting down and abandoning module PlacementMode (459)
[2019.03.20-05.16.12:334][999]LogModuleManager: Shutting down and abandoning module WmfMediaFactory (456)
[2019.03.20-05.16.12:334][999]LogModuleManager: Shutting down and abandoning module WmfMediaEditor (454)
[2019.03.20-05.16.12:334][999]LogModuleManager: Shutting down and abandoning module MfMediaFactory (452)
[2019.03.20-05.16.12:334][999]LogModuleManager: Shutting down and abandoning module MfMediaEditor (450)
[2019.03.20-05.16.12:334][999]LogModuleManager: Shutting down and abandoning module AvfMediaFactory (448)
[2019.03.20-05.16.12:334][999]LogModuleManager: Shutting down and abandoning module AvfMediaEditor (446)
[2019.03.20-05.16.12:334][999]LogModuleManager: Shutting down and abandoning module AndroidMediaFactory (444)
[2019.03.20-05.16.12:334][999]LogModuleManager: Shutting down and abandoning module Media (443)
[2019.03.20-05.16.12:334][999]LogModuleManager: Shutting down and abandoning module AndroidMediaEditor (440)
[2019.03.20-05.16.12:334][999]LogModuleManager: Shutting down and abandoning module CharacterAI (438)
[2019.03.20-05.16.12:334][999]LogModuleManager: Shutting down and abandoning module AudioCapture (436)
[2019.03.20-05.16.12:334][999]LogModuleManager: Shutting down and abandoning module SequenceRecorder (435)
[2019.03.20-05.16.12:334][999]LogModuleManager: Shutting down and abandoning module SmartSnapping (432)
[2019.03.20-05.16.12:334][999]LogModuleManager: Shutting down and abandoning module SessionServices (430)
[2019.03.20-05.16.12:334][999]LogModuleManager: Shutting down and abandoning module ViewportSnapping (428)
[2019.03.20-05.16.12:334][999]LogModuleManager: Shutting down and abandoning module ViewportInteraction (426)
[2019.03.20-05.16.12:334][999]LogModuleManager: Shutting down and abandoning module LogVisualizer (424)
[2019.03.20-05.16.12:334][999]LogModuleManager: Shutting down and abandoning module IntroTutorials (422)
[2019.03.20-05.16.12:334][999]LogModuleManager: Shutting down and abandoning module GameProjectGeneration (421)
[2019.03.20-05.16.12:334][999]LogModuleManager: Shutting down and abandoning module EditorLiveStreaming (418)
[2019.03.20-05.16.12:334][999]LogModuleManager: Shutting down and abandoning module IOSPlatformEditor (416)
[2019.03.20-05.16.12:334][999]LogModuleManager: Shutting down and abandoning module HTML5PlatformEditor (414)
[2019.03.20-05.16.12:334][999]LogModuleManager: Shutting down and abandoning module AndroidPlatformEditor (412)
[2019.03.20-05.16.12:334][999]LogModuleManager: Shutting down and abandoning module AndroidDeviceDetection (411)
[2019.03.20-05.16.12:615][999]LogModuleManager: Shutting down and abandoning module IOSRuntimeSettings (408)
[2019.03.20-05.16.12:615][999]LogModuleManager: Shutting down and abandoning module AndroidRuntimeSettings (406)
[2019.03.20-05.16.12:615][999]LogModuleManager: Shutting down and abandoning module InputBindingEditor (404)
[2019.03.20-05.16.12:615][999]LogModuleManager: Shutting down and abandoning module NiagaraEditor (402)
[2019.03.20-05.16.12:615][999]LogModuleManager: Shutting down and abandoning module MergeActors (400)
[2019.03.20-05.16.12:615][999]LogModuleManager: Shutting down and abandoning module SizeMap (398)
[2019.03.20-05.16.12:615][999]LogModuleManager: Shutting down and abandoning module TreeMap (396)
[2019.03.20-05.16.12:615][999]LogModuleManager: Shutting down and abandoning module ReferenceViewer (394)
[2019.03.20-05.16.12:615][999]LogModuleManager: Shutting down and abandoning module LocalizationDashboard (392)
[2019.03.20-05.16.12:615][999]LogModuleManager: Shutting down and abandoning module LocalizationService (391)
[2019.03.20-05.16.12:615][999]LogModuleManager: Shutting down and abandoning module HardwareTargeting (388)
[2019.03.20-05.16.12:615][999]LogModuleManager: Shutting down and abandoning module DeviceProfileEditor (386)
[2019.03.20-05.16.12:615][999]LogModuleManager: Shutting down and abandoning module UndoHistory (384)
[2019.03.20-05.16.12:615][999]LogModuleManager: Shutting down and abandoning module UserFeedback (382)
[2019.03.20-05.16.12:615][999]LogModuleManager: Shutting down and abandoning module XmlParser (380)
[2019.03.20-05.16.12:615][999]LogModuleManager: Shutting down and abandoning module Blutility (378)
[2019.03.20-05.16.12:615][999]LogModuleManager: Shutting down and abandoning module ProjectSettingsViewer (376)
[2019.03.20-05.16.12:615][999]LogModuleManager: Shutting down and abandoning module ProjectTargetPlatformEditor (375)
[2019.03.20-05.16.12:615][999]LogModuleManager: Shutting down and abandoning module EditorSettingsViewer (372)
[2019.03.20-05.16.12:615][999]LogModuleManager: Shutting down and abandoning module SettingsEditor (370)
[2019.03.20-05.16.12:615][999]LogModuleManager: Shutting down and abandoning module ProjectLauncher (368)
[2019.03.20-05.16.12:615][999]LogModuleManager: Shutting down and abandoning module SessionFrontend (366)
[2019.03.20-05.16.12:615][999]LogModuleManager: Shutting down and abandoning module ProfilerClient (364)
[2019.03.20-05.16.12:615][999]LogModuleManager: Shutting down and abandoning module DeviceManager (362)
[2019.03.20-05.16.12:615][999]LogModuleManager: Shutting down and abandoning module TargetDeviceServices (361)
[2019.03.20-05.16.12:670][999]LogModuleManager: Shutting down and abandoning module AutomationController (358)
[2019.03.20-05.16.12:670][999]LogModuleManager: Shutting down and abandoning module AutomationWindow (356)
[2019.03.20-05.16.12:670][999]LogModuleManager: Shutting down and abandoning module Layers (354)
[2019.03.20-05.16.12:670][999]LogModuleManager: Shutting down and abandoning module ComponentVisualizers (352)
[2019.03.20-05.16.12:670][999]LogModuleManager: Shutting down and abandoning module DetailCustomizations (350)
[2019.03.20-05.16.12:670][999]LogModuleManager: Shutting down and abandoning module PackagesDialog (348)
[2019.03.20-05.16.12:670][999]LogModuleManager: Shutting down and abandoning module Persona (346)
[2019.03.20-05.16.12:670][999]LogModuleManager: Shutting down and abandoning module AnimGraph (345)
[2019.03.20-05.16.12:670][999]LogModuleManager: Shutting down and abandoning module Kismet (342)
[2019.03.20-05.16.12:670][999]LogModuleManager: Shutting down and abandoning module GraphEditor (340)
[2019.03.20-05.16.12:670][999]LogModuleManager: Shutting down and abandoning module ClassViewer (338)
[2019.03.20-05.16.12:670][999]LogModuleManager: Shutting down and abandoning module Toolbox (336)
[2019.03.20-05.16.12:670][999]LogModuleManager: Shutting down and abandoning module ModuleUI (334)
[2019.03.20-05.16.12:670][999]LogModuleManager: Shutting down and abandoning module MovieSceneTools (332)
[2019.03.20-05.16.12:670][999]LogModuleManager: Shutting down and abandoning module OutputLog (330)
[2019.03.20-05.16.12:670][999]LogModuleManager: Shutting down and abandoning module GammaUI (328)
[2019.03.20-05.16.12:670][999]LogModuleManager: Shutting down and abandoning module Documentation (326)
[2019.03.20-05.16.12:670][999]LogModuleManager: Shutting down and abandoning module Niagara (324)
[2019.03.20-05.16.12:670][999]LogModuleManager: Shutting down and abandoning module StreamingPauseRendering (322)
[2019.03.20-05.16.12:670][999]LogModuleManager: Shutting down and abandoning module AnalyticsET (320)
[2019.03.20-05.16.12:670][999]LogModuleManager: Shutting down and abandoning module PortalServices (318)
[2019.03.20-05.16.12:670][999]LogModuleManager: Shutting down and abandoning module PortalRpc (316)
[2019.03.20-05.16.12:670][999]LogModuleManager: Shutting down and abandoning module MessagingRpc (314)
[2019.03.20-05.16.12:670][999]LogModuleManager: Shutting down and abandoning module AIModule (312)
[2019.03.20-05.16.12:670][999]LogModuleManager: Shutting down and abandoning module GameplayDebugger (311)
[2019.03.20-05.16.12:670][999]LogModuleManager: Shutting down and abandoning module AITestSuite (309)
[2019.03.20-05.16.12:670][999]LogModuleManager: Shutting down and abandoning module ProfilerService (306)
[2019.03.20-05.16.12:873][999]LogModuleManager: Shutting down and abandoning module TaskGraph (304)
[2019.03.20-05.16.12:873][999]LogModuleManager: Shutting down and abandoning module SteamVRController (302)
[2019.03.20-05.16.12:873][999]LogModuleManager: Shutting down and abandoning module SteamVR (300)
[2019.03.20-05.16.12:873][999]LogModuleManager: Shutting down and abandoning module ProceduralMeshComponentEditor (298)
[2019.03.20-05.16.12:873][999]LogModuleManager: Shutting down and abandoning module ProceduralMeshComponent (296)
[2019.03.20-05.16.12:873][999]LogModuleManager: Shutting down and abandoning module OculusLibrary (294)
[2019.03.20-05.16.12:873][999]LogModuleManager: Shutting down and abandoning module OculusInput (292)
[2019.03.20-05.16.12:873][999]LogModuleManager: Shutting down and abandoning module MobilePatchingUtils (290)
[2019.03.20-05.16.12:873][999]LogModuleManager: Shutting down and abandoning module CustomMeshComponent (288)
[2019.03.20-05.16.12:873][999]LogModuleManager: Shutting down and abandoning module CableComponent (286)
[2019.03.20-05.16.12:873][999]LogModuleManager: Shutting down and abandoning module ArchVisCharacter (284)
[2019.03.20-05.16.12:873][999]LogModuleManager: Shutting down and abandoning module MediaPlayerEditor (280)
[2019.03.20-05.16.12:873][999]LogModuleManager: Shutting down and abandoning module HTML5Networking (278)
[2019.03.20-05.16.12:873][999]LogModuleManager: Shutting down and abandoning module AlembicImporter (276)
[2019.03.20-05.16.12:873][999]LogModuleManager: Shutting down and abandoning module AlembicLibrary (275)
[2019.03.20-05.16.12:873][999]LogModuleManager: Shutting down and abandoning module GeometryCache (274)
[2019.03.20-05.16.12:873][999]LogModuleManager: Shutting down and abandoning module GeometryCacheEd (273)
[2019.03.20-05.16.12:873][999]LogModuleManager: Shutting down and abandoning module SuperSearchEditor (268)
[2019.03.20-05.16.12:873][999]LogModuleManager: Shutting down and abandoning module SuperSearch (267)
[2019.03.20-05.16.12:873][999]LogModuleManager: Shutting down and abandoning module SpeedTreeImporter (264)
[2019.03.20-05.16.12:873][999]LogModuleManager: Shutting down and abandoning module PluginBrowser (262)
[2019.03.20-05.16.12:873][999]LogModuleManager: Shutting down and abandoning module MobileLauncherProfileWizard (260)
[2019.03.20-05.16.12:873][999]LogModuleManager: Shutting down and abandoning module EpicSurvey (258)
[2019.03.20-05.16.12:873][999]LogModuleManager: Shutting down and abandoning module VisualStudioSourceCodeAccess (256)
[2019.03.20-05.16.12:873][999]LogModuleManager: Shutting down and abandoning module DesktopPlatform (255)
[2019.03.20-05.16.12:873][999]LogModuleManager: Shutting down and abandoning module UObjectPlugin (252)
[2019.03.20-05.16.12:873][999]LogModuleManager: Shutting down and abandoning module SubversionSourceControl (250)
[2019.03.20-05.16.12:873][999]LogModuleManager: Shutting down and abandoning module PerforceSourceControl (248)
[2019.03.20-05.16.12:873][999]LogModuleManager: Shutting down and abandoning module GitSourceControl (246)
[2019.03.20-05.16.12:873][999]LogModuleManager: Shutting down and abandoning module SourceControl (245)
[2019.03.20-05.16.12:873][999]LogModuleManager: Shutting down and abandoning module LightPropagationVolumeEditor (242)
[2019.03.20-05.16.12:873][999]LogModuleManager: Shutting down and abandoning module PaperTiledImporter (240)
[2019.03.20-05.16.12:873][999]LogModuleManager: Shutting down and abandoning module PaperSpriteSheetImporter (238)
[2019.03.20-05.16.12:873][999]LogModuleManager: Shutting down and abandoning module Paper2DEditor (236)
[2019.03.20-05.16.12:873][999]LogModuleManager: Shutting down and abandoning module MeshPaint (235)
[2019.03.20-05.16.12:873][999]LogModuleManager: Shutting down and abandoning module LevelEditor (233)
[2019.03.20-05.16.12:874][999]LogModuleManager: Shutting down and abandoning module PixelInspectorModule (232)
[2019.03.20-05.16.12:874][999]LogModuleManager: Shutting down and abandoning module MainFrame (230)
[2019.03.20-05.16.12:874][999]LogModuleManager: Shutting down and abandoning module HotReload (229)
[2019.03.20-05.16.12:874][999]LogModuleManager: Shutting down and abandoning module ContentBrowser (225)
[2019.03.20-05.16.12:874][999]LogModuleManager: Shutting down and abandoning module PhysXVehiclesEditor (222)
[2019.03.20-05.16.12:874][999]LogModuleManager: Shutting down and abandoning module PhysXVehicles (220)
[2019.03.20-05.16.12:874][999]LogModuleManager: Shutting down and abandoning module LocationServicesBPLibrary (218)
[2019.03.20-05.16.12:874][999]LogModuleManager: Shutting down and abandoning module UdpMessaging (216)
[2019.03.20-05.16.12:976][999]LogModuleManager: Shutting down and abandoning module TcpMessaging (214)
[2019.03.20-05.16.13:102][999]LogModuleManager: Shutting down and abandoning module GameplayTagsEditor (212)
[2019.03.20-05.16.13:102][999]LogModuleManager: Shutting down and abandoning module FacialAnimationEditor (210)
[2019.03.20-05.16.13:102][999]LogModuleManager: Shutting down and abandoning module FacialAnimation (208)
[2019.03.20-05.16.13:102][999]LogModuleManager: Shutting down and abandoning module LightPropagationVolumeRuntime (206)
[2019.03.20-05.16.13:102][999]LogModuleManager: Shutting down and abandoning module Paper2D (204)
[2019.03.20-05.16.13:102][999]LogModuleManager: Shutting down and abandoning module WindowsMoviePlayer (202)
[2019.03.20-05.16.13:102][999]LogModuleManager: Shutting down and abandoning module WmfMedia (200)
[2019.03.20-05.16.13:103][999]LogModuleManager: Shutting down and abandoning module MfMedia (198)
[2019.03.20-05.16.13:103][999]LogModuleManager: Shutting down and abandoning module MediaAssets (196)
[2019.03.20-05.16.13:103][999]LogModuleManager: Shutting down and abandoning module GameLiveStreaming (194)
[2019.03.20-05.16.13:103][999]LogModuleManager: Shutting down and abandoning module VREditor (192)
[2019.03.20-05.16.13:103][999]LogModuleManager: Shutting down and abandoning module GameplayTasksEditor (190)
[2019.03.20-05.16.13:103][999]LogModuleManager: Shutting down and abandoning module BehaviorTreeEditor (188)
[2019.03.20-05.16.13:103][999]LogModuleManager: Shutting down and abandoning module FunctionalTesting (186)
[2019.03.20-05.16.13:103][999]LogModuleManager: Shutting down and abandoning module CollisionAnalyzer (184)
[2019.03.20-05.16.13:103][999]LogModuleManager: Shutting down and abandoning module UMG (182)
[2019.03.20-05.16.13:103][999]LogModuleManager: Shutting down and abandoning module UMGEditor (181)
[2019.03.20-05.16.13:103][999]LogModuleManager: Shutting down and abandoning module Sequencer (180)
[2019.03.20-05.16.13:103][999]LogModuleManager: Shutting down and abandoning module AssetTools (178)
[2019.03.20-05.16.13:103][999]LogModuleManager: Shutting down and abandoning module MessageLog (177)
[2019.03.20-05.16.13:103][999]LogModuleManager: Shutting down and abandoning module WorkspaceMenuStructure (176)
[2019.03.20-05.16.13:103][999]LogModuleManager: Shutting down and abandoning module SlateReflector (170)
[2019.03.20-05.16.13:103][999]LogModuleManager: Shutting down and abandoning module Slate (168)
[2019.03.20-05.16.13:103][999]LogModuleManager: Shutting down and abandoning module EditorStyle (166)
[2019.03.20-05.16.13:105][999]LogModuleManager: Shutting down and abandoning module SourceCodeAccess (164)
[2019.03.20-05.16.13:105][999]LogModuleManager: Shutting down and abandoning module HeadMountedDisplay (162)
[2019.03.20-05.16.13:105][999]LogModuleManager: Shutting down and abandoning module XAudio2 (160)
[2019.03.20-05.16.13:105][999]LogModuleManager: Shutting down and abandoning module Networking (158)
[2019.03.20-05.16.13:105][999]LogModuleManager: Shutting down and abandoning module Core (154)
[2019.03.20-05.16.13:105][999]LogModuleManager: Shutting down and abandoning module AssetRegistry (152)
[2019.03.20-05.16.13:415][999]LogDirectoryWatcher: A directory notification failed for '../../../Engine/Content/', and we were unable to create a new request.
[2019.03.20-05.16.13:415][999]LogDirectoryWatcher: A directory notification for 'D:/UnrealEngine4 Projects/Freeze 4.15 - 3/Content/' was aborted.
[2019.03.20-05.16.13:415][999]LogDirectoryWatcher: A directory notification for '../../../Engine/Plugins/2D/Paper2D/Content/' was aborted.
[2019.03.20-05.16.13:415][999]LogModuleManager: Shutting down and abandoning module DirectoryWatcher (151)
[2019.03.20-05.16.13:416][999]LogModuleManager: Shutting down and abandoning module KismetCompiler (148)
[2019.03.20-05.16.13:416][999]LogModuleManager: Shutting down and abandoning module PhysXFormats (146)
[2019.03.20-05.16.13:416][999]LogModuleManager: Shutting down and abandoning module MeshUtilities (144)
[2019.03.20-05.16.13:416][999]LogModuleManager: Shutting down and abandoning module SimplygonSwarm (143)
[2019.03.20-05.16.13:416][999]LogModuleManager: Shutting down and abandoning module SimplygonMeshReduction (141)
[2019.03.20-05.16.13:416][999]LogModuleManager: Shutting down and abandoning module QuadricMeshReduction (139)
[2019.03.20-05.16.13:416][999]LogModuleManager: Shutting down and abandoning module PropertyEditor (137)
[2019.03.20-05.16.13:416][999]LogModuleManager: Shutting down and abandoning module DerivedDataCache (134)
[2019.03.20-05.16.13:545][999]LogDerivedDataCache: Shutdown
[2019.03.20-05.16.13:545][999]LogModuleManager: Shutting down and abandoning module TargetPlatform (132)
[2019.03.20-05.16.13:545][999]LogModuleManager: Shutting down and abandoning module VulkanShaderFormat (131)
[2019.03.20-05.16.13:545][999]LogModuleManager: Shutting down and abandoning module ShaderFormatOpenGL (129)
[2019.03.20-05.16.13:545][999]LogModuleManager: Shutting down and abandoning module ShaderFormatD3D (127)
[2019.03.20-05.16.13:545][999]LogModuleManager: Shutting down and abandoning module MetalShaderFormat (125)
[2019.03.20-05.16.13:545][999]LogModuleManager: Shutting down and abandoning module TextureFormatUncompressed (123)
[2019.03.20-05.16.13:545][999]LogModuleManager: Shutting down and abandoning module TextureFormatPVR (121)
[2019.03.20-05.16.13:545][999]LogModuleManager: Shutting down and abandoning module TextureFormatDXT (119)
[2019.03.20-05.16.13:545][999]LogModuleManager: Shutting down and abandoning module TextureFormatIntelISPCTexComp (117)
[2019.03.20-05.16.13:546][999]LogModuleManager: Shutting down and abandoning module TextureFormatASTC (115)
[2019.03.20-05.16.13:546][999]LogModuleManager: Shutting down and abandoning module ImageWrapper (114)
[2019.03.20-05.16.13:546][999]LogModuleManager: Shutting down and abandoning module TextureFormatAndroid (111)
[2019.03.20-05.16.13:546][999]LogModuleManager: Shutting down and abandoning module AudioFormatOpus (109)
[2019.03.20-05.16.13:546][999]LogModuleManager: Shutting down and abandoning module AudioFormatOgg (107)
[2019.03.20-05.16.13:546][999]LogModuleManager: Shutting down and abandoning module AudioFormatADPCM (105)
[2019.03.20-05.16.13:546][999]LogModuleManager: Shutting down and abandoning module LinuxTargetPlatform (103)
[2019.03.20-05.16.13:546][999]LogModuleManager: Shutting down and abandoning module LinuxServerTargetPlatform (101)
[2019.03.20-05.16.13:546][999]LogModuleManager: Shutting down and abandoning module LinuxNoEditorTargetPlatform (99)
[2019.03.20-05.16.13:546][999]LogModuleManager: Shutting down and abandoning module LinuxClientTargetPlatform (97)
[2019.03.20-05.16.13:546][999]LogModuleManager: Shutting down and abandoning module TVOSTargetPlatform (95)
[2019.03.20-05.16.13:546][999]LogModuleManager: Shutting down and abandoning module Messaging (93)
[2019.03.20-05.16.13:546][999]LogModuleManager: Shutting down and abandoning module IOSTargetPlatform (91)
[2019.03.20-05.16.13:546][999]LogModuleManager: Shutting down and abandoning module HTML5TargetPlatform (89)
[2019.03.20-05.16.13:546][999]LogModuleManager: Shutting down and abandoning module Android_PVRTCTargetPlatform (87)
[2019.03.20-05.16.13:546][999]LogModuleManager: Shutting down and abandoning module Android_MultiTargetPlatform (85)
[2019.03.20-05.16.13:546][999]LogModuleManager: Shutting down and abandoning module Android_ETC2TargetPlatform (83)
[2019.03.20-05.16.13:546][999]LogModuleManager: Shutting down and abandoning module Android_ETC1TargetPlatform (81)
[2019.03.20-05.16.13:546][999]LogModuleManager: Shutting down and abandoning module Android_DXTTargetPlatform (79)
[2019.03.20-05.16.13:546][999]LogModuleManager: Shutting down and abandoning module Android_ATCTargetPlatform (77)
[2019.03.20-05.16.13:546][999]LogModuleManager: Shutting down and abandoning module Android_ASTCTargetPlatform (75)
[2019.03.20-05.16.13:546][999]LogModuleManager: Shutting down and abandoning module AndroidTargetPlatform (73)
[2019.03.20-05.16.13:546][999]LogModuleManager: Shutting down and abandoning module WindowsTargetPlatform (71)
[2019.03.20-05.16.13:546][999]LogModuleManager: Shutting down and abandoning module WindowsServerTargetPlatform (69)
[2019.03.20-05.16.13:546][999]LogModuleManager: Shutting down and abandoning module WindowsNoEditorTargetPlatform (67)
[2019.03.20-05.16.13:546][999]LogModuleManager: Shutting down and abandoning module WindowsClientTargetPlatform (65)
[2019.03.20-05.16.13:546][999]LogModuleManager: Shutting down and abandoning module MacTargetPlatform (63)
[2019.03.20-05.16.13:546][999]LogModuleManager: Shutting down and abandoning module MacServerTargetPlatform (61)
[2019.03.20-05.16.13:546][999]LogModuleManager: Shutting down and abandoning module MacNoEditorTargetPlatform (59)
[2019.03.20-05.16.13:546][999]LogModuleManager: Shutting down and abandoning module MacClientTargetPlatform (57)
[2019.03.20-05.16.13:546][999]LogModuleManager: Shutting down and abandoning module AllDesktopTargetPlatform (55)
[2019.03.20-05.16.13:546][999]LogModuleManager: Shutting down and abandoning module InputCore (52)
[2019.03.20-05.16.13:546][999]LogModuleManager: Shutting down and abandoning module Settings (50)
[2019.03.20-05.16.13:546][999]LogModuleManager: Shutting down and abandoning module OculusRift (48)
[2019.03.20-05.16.13:546][999]LogModuleManager: Shutting down and abandoning module GearVR (46)
[2019.03.20-05.16.13:546][999]LogModuleManager: Shutting down and abandoning module ExampleDeviceProfileSelector (44)
[2019.03.20-05.16.13:546][999]LogModuleManager: Shutting down and abandoning module OnlineBlueprintSupport (42)
[2019.03.20-05.16.13:546][999]LogModuleManager: Shutting down and abandoning module OnlineSubsystem (38)
[2019.03.20-05.16.13:546][999]LogOnline:Display: Unloading online subsystem: NULL
[2019.03.20-05.16.13:546][999]LogModuleManager: Shutting down and abandoning module XMPP (37)
[2019.03.20-05.16.13:546][999]LogModuleManager: Shutting down and abandoning module HTTP (35)
[2019.03.20-05.16.13:546][999]LogHttp:Display: Http module shutting down, but needs to wait on 2 outstanding Http requests:
[2019.03.20-05.16.13:546][999]LogHttp:Display: 	verb=[POST] url=[https://datarouter.ol.epicgames.com/datarouter/api/v1/public/data?SessionID=%7B3CC69CE9-49F6-366D-C1C9-3BB0BF7B6D5A%7D&AppID=UEEditor.Rocket.Release&AppVersion=4.15.3-3450819%2B%2B%2BUE4%2BRelease-4.15&UserID=76e9c3454256e8db00f855a3c4f9033b%7C058277dd38974dbab5992d66bec2e144%7Cdd1935e6-2e63-4f18-b287-9d5ba1a87604&AppEnvironment=datacollector-binary&UploadType=eteventstream] status=Processing
[2019.03.20-05.16.13:546][999]LogHttp:Display: 	verb=[POST] url=[https://datarouter.ol.epicgames.com/datarouter/api/v1/public/data?SessionID=%7B3CC69CE9-49F6-366D-C1C9-3BB0BF7B6D5A%7D&AppID=UEEditor.Rocket.Release&AppVersion=4.15.3-3450819%2B%2B%2BUE4%2BRelease-4.15&UserID=76e9c3454256e8db00f855a3c4f9033b%7C058277dd38974dbab5992d66bec2e144%7Cdd1935e6-2e63-4f18-b287-9d5ba1a87604&AppEnvironment=datacollector-binary&UploadType=eteventstream] status=Processing
[2019.03.20-05.16.13:546][999]LogHttp:Display: Sleeping 0.5s to wait for 2 outstanding Http requests.
[2019.03.20-05.16.14:065][999]LogModuleManager: Shutting down and abandoning module SSL (34)
[2019.03.20-05.16.14:066][999]LogModuleManager: Shutting down and abandoning module AudioEditor (30)
[2019.03.20-05.16.14:066][999]LogModuleManager: Shutting down and abandoning module TextureCompressor (28)
[2019.03.20-05.16.14:066][999]LogModuleManager: Shutting down and abandoning module ShaderCore (26)
[2019.03.20-05.16.14:066][999]LogModuleManager: Shutting down and abandoning module Landscape (24)
[2019.03.20-05.16.14:066][999]LogModuleManager: Shutting down and abandoning module SlateRHIRenderer (22)
[2019.03.20-05.16.14:066][999]LogModuleManager: Shutting down and abandoning module OpenGLDrv (20)
[2019.03.20-05.16.14:066][999]LogModuleManager: Shutting down and abandoning module D3D11RHI (18)
[2019.03.20-05.16.14:066][999]LogModuleManager: Shutting down and abandoning module AnimGraphRuntime (16)
[2019.03.20-05.16.14:066][999]LogModuleManager: Shutting down and abandoning module Renderer (14)
[2019.03.20-05.16.14:066][999]LogModuleManager: Shutting down and abandoning module Engine (12)
[2019.03.20-05.16.14:066][999]LogModuleManager: Shutting down and abandoning module CoreUObject (10)
[2019.03.20-05.16.14:066][999]LogModuleManager: Shutting down and abandoning module NetworkFile (8)
[2019.03.20-05.16.14:066][999]LogModuleManager: Shutting down and abandoning module StreamingFile (6)
[2019.03.20-05.16.14:066][999]LogModuleManager: Shutting down and abandoning module SandboxFile (4)
[2019.03.20-05.16.14:066][999]LogModuleManager: Shutting down and abandoning module PakFile (2)
[2019.03.20-05.16.14:067][999]LogExit: Exiting.
[2019.03.20-05.16.14:068][999]Log file closed, 03/20/19 10:46:14
